<?xml version="1.0" encoding="UTF-8"?>
<!-- Generated by org.testng.reporters.JUnitXMLReporter -->
<testsuite ignored="0" hostname="DESKTOP-21G44T2" failures="1" tests="2" name="Test1" time="13.229" errors="0" timestamp="2024-05-08T14:54:47 IST">
  <testcase classname="com.mystore.testcases.IndexPagetest" name="verifyTitle" time="0.004">
    <failure type="java.lang.NullPointerException" message="Cannot invoke &amp;quot;com.mystore.pageobjects.IndexPage.getMystoreTitle()&amp;quot; because &amp;quot;this.indexPage&amp;quot; is null">
      <![CDATA[java.lang.NullPointerException: Cannot invoke "com.mystore.pageobjects.IndexPage.getMystoreTitle()" because "this.indexPage" is null
at com.mystore.testcases.IndexPagetest.verifyTitle(IndexPagetest.java:34)
at java.base/java.util.ArrayList.forEach(ArrayList.java:1511)
... Removed 27 stack frames]]>
    </failure>
  </testcase> <!-- verifyTitle -->
  <testcase classname="com.mystore.testcases.IndexPagetest" name="verifylogo" time="0.065"/>
</testsuite> <!-- Test1 -->
