<?xml version="1.0" encoding="UTF-8"?>
<testng-results ignored="0" total="7" passed="6" failed="1" skipped="0">
  <reporter-output>
  </reporter-output>
  <suite started-at="2024-05-18T17:34:45 IST" name="Suite" finished-at="2024-05-18T17:36:59 IST" duration-ms="134095">
    <groups>
      <group name="Sanity">
        <method signature="LoginPageTest.LoginTest()[pri:0, instance:com.mystore.testcases.LoginPageTest@7a5ceedd]" name="LoginTest" class="com.mystore.testcases.LoginPageTest"/>
      </group> <!-- Sanity -->
      <group name="Smoke">
        <method signature="HomePageTest.validateaddresstest()[pri:0, instance:com.mystore.testcases.HomePageTest@2a8448fa]" name="validateaddresstest" class="com.mystore.testcases.HomePageTest"/>
        <method signature="HomePageTest.validateorderhistorytest()[pri:0, instance:com.mystore.testcases.HomePageTest@2a8448fa]" name="validateorderhistorytest" class="com.mystore.testcases.HomePageTest"/>
        <method signature="IndexPagetest.verifyTitle()[pri:0, instance:com.mystore.testcases.IndexPagetest@7bd7d6d6]" name="verifyTitle" class="com.mystore.testcases.IndexPagetest"/>
        <method signature="IndexPagetest.verifylogo()[pri:0, instance:com.mystore.testcases.IndexPagetest@7bd7d6d6]" name="verifylogo" class="com.mystore.testcases.IndexPagetest"/>
        <method signature="LoginPageTest.LoginTest()[pri:0, instance:com.mystore.testcases.LoginPageTest@7a5ceedd]" name="LoginTest" class="com.mystore.testcases.LoginPageTest"/>
        <method signature="SearchResultPageTest.clickonproduct()[pri:0, instance:com.mystore.testcases.SearchResultPageTest@239a307b]" name="clickonproduct" class="com.mystore.testcases.SearchResultPageTest"/>
        <method signature="SearchResultPageTest.productavailabilitytest()[pri:0, instance:com.mystore.testcases.SearchResultPageTest@239a307b]" name="productavailabilitytest" class="com.mystore.testcases.SearchResultPageTest"/>
      </group> <!-- Smoke -->
    </groups>
    <test started-at="2024-05-18T17:34:45 IST" name="Test" finished-at="2024-05-18T17:36:59 IST" duration-ms="134095">
      <class name="com.mystore.testcases.SearchResultPageTest">
        <test-method is-config="true" signature="setup()[pri:0, instance:com.mystore.testcases.SearchResultPageTest@239a307b]" started-at="2024-05-18T17:35:34 IST" name="setup" finished-at="2024-05-18T17:35:46 IST" duration-ms="11578" status="PASS">
          <reporter-output>
          </reporter-output>
        </test-method> <!-- setup -->
        <test-method signature="clickonproduct()[pri:0, instance:com.mystore.testcases.SearchResultPageTest@239a307b]" started-at="2024-05-18T17:35:46 IST" name="clickonproduct" finished-at="2024-05-18T17:36:01 IST" duration-ms="15512" status="PASS">
          <reporter-output>
          </reporter-output>
        </test-method> <!-- clickonproduct -->
        <test-method is-config="true" signature="tearDown()[pri:0, instance:com.mystore.testcases.SearchResultPageTest@239a307b]" started-at="2024-05-18T17:36:01 IST" name="tearDown" finished-at="2024-05-18T17:36:02 IST" duration-ms="465" status="PASS">
          <reporter-output>
          </reporter-output>
        </test-method> <!-- tearDown -->
        <test-method is-config="true" signature="setup()[pri:0, instance:com.mystore.testcases.SearchResultPageTest@239a307b]" started-at="2024-05-18T17:36:02 IST" name="setup" finished-at="2024-05-18T17:36:13 IST" duration-ms="11731" status="PASS">
          <reporter-output>
          </reporter-output>
        </test-method> <!-- setup -->
        <test-method signature="productavailabilitytest()[pri:0, instance:com.mystore.testcases.SearchResultPageTest@239a307b]" started-at="2024-05-18T17:36:13 IST" name="productavailabilitytest" finished-at="2024-05-18T17:36:26 IST" duration-ms="12268" status="PASS">
          <reporter-output>
          </reporter-output>
        </test-method> <!-- productavailabilitytest -->
        <test-method is-config="true" signature="tearDown()[pri:0, instance:com.mystore.testcases.SearchResultPageTest@239a307b]" started-at="2024-05-18T17:36:26 IST" name="tearDown" finished-at="2024-05-18T17:36:26 IST" duration-ms="381" status="PASS">
          <reporter-output>
          </reporter-output>
        </test-method> <!-- tearDown -->
      </class> <!-- com.mystore.testcases.SearchResultPageTest -->
      <class name="com.mystore.testcases.IndexPagetest">
        <test-method is-config="true" signature="setup()[pri:0, instance:com.mystore.testcases.IndexPagetest@7bd7d6d6]" started-at="2024-05-18T17:35:21 IST" name="setup" finished-at="2024-05-18T17:35:24 IST" duration-ms="3063" status="PASS">
          <reporter-output>
          </reporter-output>
        </test-method> <!-- setup -->
        <test-method signature="verifyTitle()[pri:0, instance:com.mystore.testcases.IndexPagetest@7bd7d6d6]" started-at="2024-05-18T17:35:24 IST" name="verifyTitle" finished-at="2024-05-18T17:35:24 IST" duration-ms="4" status="FAIL">
          <exception class="java.lang.NullPointerException">
            <message>
              <![CDATA[Cannot invoke "com.mystore.pageobjects.IndexPage.getMystoreTitle()" because "this.indexPage" is null]]>
            </message>
            <full-stacktrace>
              <![CDATA[java.lang.NullPointerException: Cannot invoke "com.mystore.pageobjects.IndexPage.getMystoreTitle()" because "this.indexPage" is null
at com.mystore.testcases.IndexPagetest.verifyTitle(IndexPagetest.java:34)
at java.base/jdk.internal.reflect.NativeMethodAccessorImpl.invoke0(Native Method)
at java.base/jdk.internal.reflect.NativeMethodAccessorImpl.invoke(NativeMethodAccessorImpl.java:77)
at java.base/jdk.internal.reflect.DelegatingMethodAccessorImpl.invoke(DelegatingMethodAccessorImpl.java:43)
at java.base/java.lang.reflect.Method.invoke(Method.java:568)
at org.testng.internal.invokers.MethodInvocationHelper.invokeMethod(MethodInvocationHelper.java:139)
at org.testng.internal.invokers.TestInvoker.invokeMethod(TestInvoker.java:664)
at org.testng.internal.invokers.TestInvoker.invokeTestMethod(TestInvoker.java:227)
at org.testng.internal.invokers.MethodRunner.runInSequence(MethodRunner.java:50)
at org.testng.internal.invokers.TestInvoker$MethodInvocationAgent.invoke(TestInvoker.java:957)
at org.testng.internal.invokers.TestInvoker.invokeTestMethods(TestInvoker.java:200)
at org.testng.internal.invokers.TestMethodWorker.invokeTestMethods(TestMethodWorker.java:148)
at org.testng.internal.invokers.TestMethodWorker.run(TestMethodWorker.java:128)
at java.base/java.util.ArrayList.forEach(ArrayList.java:1511)
at org.testng.TestRunner.privateRun(TestRunner.java:848)
at org.testng.TestRunner.run(TestRunner.java:621)
at org.testng.SuiteRunner.runTest(SuiteRunner.java:443)
at org.testng.SuiteRunner.runSequentially(SuiteRunner.java:437)
at org.testng.SuiteRunner.privateRun(SuiteRunner.java:397)
at org.testng.SuiteRunner.run(SuiteRunner.java:336)
at org.testng.SuiteRunnerWorker.runSuite(SuiteRunnerWorker.java:52)
at org.testng.SuiteRunnerWorker.run(SuiteRunnerWorker.java:95)
at org.testng.TestNG.runSuitesSequentially(TestNG.java:1280)
at org.testng.TestNG.runSuitesLocally(TestNG.java:1200)
at org.testng.TestNG.runSuites(TestNG.java:1114)
at org.testng.TestNG.run(TestNG.java:1082)
at org.testng.remote.AbstractRemoteTestNG.run(AbstractRemoteTestNG.java:115)
at org.testng.remote.RemoteTestNG.initAndRun(RemoteTestNG.java:293)
at org.testng.remote.RemoteTestNG.main(RemoteTestNG.java:91)
]]>
            </full-stacktrace>
          </exception> <!-- java.lang.NullPointerException -->
          <reporter-output>
          </reporter-output>
        </test-method> <!-- verifyTitle -->
        <test-method is-config="true" signature="tearDown()[pri:0, instance:com.mystore.testcases.IndexPagetest@7bd7d6d6]" started-at="2024-05-18T17:35:24 IST" name="tearDown" finished-at="2024-05-18T17:35:24 IST" duration-ms="288" status="PASS">
          <reporter-output>
          </reporter-output>
        </test-method> <!-- tearDown -->
        <test-method is-config="true" signature="setup()[pri:0, instance:com.mystore.testcases.IndexPagetest@7bd7d6d6]" started-at="2024-05-18T17:35:24 IST" name="setup" finished-at="2024-05-18T17:35:27 IST" duration-ms="2847" status="PASS">
          <reporter-output>
          </reporter-output>
        </test-method> <!-- setup -->
        <test-method signature="verifylogo()[pri:0, instance:com.mystore.testcases.IndexPagetest@7bd7d6d6]" started-at="2024-05-18T17:35:27 IST" name="verifylogo" finished-at="2024-05-18T17:35:34 IST" duration-ms="6736" status="PASS">
          <reporter-output>
          </reporter-output>
        </test-method> <!-- verifylogo -->
        <test-method is-config="true" signature="tearDown()[pri:0, instance:com.mystore.testcases.IndexPagetest@7bd7d6d6]" started-at="2024-05-18T17:35:34 IST" name="tearDown" finished-at="2024-05-18T17:35:34 IST" duration-ms="393" status="PASS">
          <reporter-output>
          </reporter-output>
        </test-method> <!-- tearDown -->
      </class> <!-- com.mystore.testcases.IndexPagetest -->
      <class name="com.mystore.testcases.HomePageTest">
        <test-method is-config="true" signature="setup()[pri:0, instance:com.mystore.testcases.HomePageTest@2a8448fa]" started-at="2024-05-18T17:36:26 IST" name="setup" finished-at="2024-05-18T17:36:40 IST" duration-ms="14001" status="PASS">
          <reporter-output>
          </reporter-output>
        </test-method> <!-- setup -->
        <test-method signature="validateaddresstest()[pri:0, instance:com.mystore.testcases.HomePageTest@2a8448fa]" started-at="2024-05-18T17:36:40 IST" name="validateaddresstest" finished-at="2024-05-18T17:36:45 IST" duration-ms="4744" status="PASS">
          <reporter-output>
          </reporter-output>
        </test-method> <!-- validateaddresstest -->
        <test-method is-config="true" signature="teardown()[pri:0, instance:com.mystore.testcases.HomePageTest@2a8448fa]" started-at="2024-05-18T17:36:45 IST" name="teardown" finished-at="2024-05-18T17:36:45 IST" duration-ms="341" status="PASS">
          <reporter-output>
          </reporter-output>
        </test-method> <!-- teardown -->
        <test-method is-config="true" signature="setup()[pri:0, instance:com.mystore.testcases.HomePageTest@2a8448fa]" started-at="2024-05-18T17:36:45 IST" name="setup" finished-at="2024-05-18T17:36:48 IST" duration-ms="2809" status="PASS">
          <reporter-output>
          </reporter-output>
        </test-method> <!-- setup -->
        <test-method signature="validateorderhistorytest()[pri:0, instance:com.mystore.testcases.HomePageTest@2a8448fa]" started-at="2024-05-18T17:36:48 IST" name="validateorderhistorytest" finished-at="2024-05-18T17:36:59 IST" duration-ms="10784" status="PASS">
          <reporter-output>
          </reporter-output>
        </test-method> <!-- validateorderhistorytest -->
        <test-method is-config="true" signature="teardown()[pri:0, instance:com.mystore.testcases.HomePageTest@2a8448fa]" started-at="2024-05-18T17:36:59 IST" name="teardown" finished-at="2024-05-18T17:36:59 IST" duration-ms="304" status="PASS">
          <reporter-output>
          </reporter-output>
        </test-method> <!-- teardown -->
      </class> <!-- com.mystore.testcases.HomePageTest -->
      <class name="com.mystore.testcases.LoginPageTest">
        <test-method is-config="true" signature="loadConfig()[pri:0, instance:com.mystore.testcases.LoginPageTest@7a5ceedd]" started-at="2024-05-18T17:34:45 IST" name="loadConfig" finished-at="2024-05-18T17:34:45 IST" duration-ms="20" status="PASS">
          <reporter-output>
          </reporter-output>
        </test-method> <!-- loadConfig -->
        <test-method is-config="true" signature="setup()[pri:0, instance:com.mystore.testcases.LoginPageTest@7a5ceedd]" started-at="2024-05-18T17:34:45 IST" name="setup" finished-at="2024-05-18T17:35:15 IST" duration-ms="29838" status="PASS">
          <reporter-output>
          </reporter-output>
        </test-method> <!-- setup -->
        <test-method signature="LoginTest()[pri:0, instance:com.mystore.testcases.LoginPageTest@7a5ceedd]" started-at="2024-05-18T17:35:15 IST" name="LoginTest" finished-at="2024-05-18T17:35:20 IST" duration-ms="5463" status="PASS">
          <reporter-output>
          </reporter-output>
        </test-method> <!-- LoginTest -->
        <test-method is-config="true" signature="teardown()[pri:0, instance:com.mystore.testcases.LoginPageTest@7a5ceedd]" started-at="2024-05-18T17:35:20 IST" name="teardown" finished-at="2024-05-18T17:35:21 IST" duration-ms="416" status="PASS">
          <reporter-output>
          </reporter-output>
        </test-method> <!-- teardown -->
      </class> <!-- com.mystore.testcases.LoginPageTest -->
    </test> <!-- Test -->
  </suite> <!-- Suite -->
</testng-results>
